2024-04-23 18:40:45.312-03:00 ERROR c.m.applicationinsights.agent - 
*************************
Application Insights Java Agent 3.5.1 startup failed (PID 46724)
*************************

Description:
No connection string provided

Action:
Please provide connection string.

2024-04-23 18:42:30.246-03:00 ERROR c.m.applicationinsights.agent - 
*************************
Application Insights Java Agent 3.5.1 startup failed (PID 46799)
*************************

Description:
No connection string provided

Action:
Please provide connection string.

2024-04-24 00:06:35.430-03:00 ERROR c.m.applicationinsights.agent - 
*************************
Application Insights Java Agent 3.5.1 startup failed (PID 54222)
*************************

Description:
No connection string provided

Action:
Please provide connection string.

2024-04-24 00:11:46.486-03:00 ERROR c.m.applicationinsights.agent - 
*************************
Application Insights Java Agent 3.5.1 startup failed (PID 54330)
*************************

Description:
No connection string provided

Action:
Please provide connection string.

2024-04-24 15:29:46.275-03:00 ERROR c.m.applicationinsights.agent - 
*************************
Application Insights Java Agent 3.5.1 startup failed (PID 3879)
*************************

Description:
No connection string provided

Action:
Please provide connection string.

2024-04-24 15:31:26.017-03:00 ERROR c.m.applicationinsights.agent - 
*************************
Application Insights Java Agent 3.5.1 startup failed (PID 3928)
*************************

Description:
No connection string provided

Action:
Please provide connection string.

2024-04-24 15:45:13.894-03:00 ERROR c.m.applicationinsights.agent - 
*************************
Application Insights Java Agent 3.5.1 startup failed (PID 4265)
*************************

Description:
No connection string provided

Action:
Please provide connection string.

2024-04-28 23:40:12.696-03:00 ERROR c.m.applicationinsights.agent - 
*************************
Application Insights Java Agent 3.5.1 startup failed (PID 1356)
*************************

Description:
No connection string provided

Action:
Please provide connection string.

2024-04-28 23:52:56.759-03:00 ERROR c.m.applicationinsights.agent - 
*************************
Application Insights Java Agent 3.5.1 startup failed (PID 1720)
*************************

Description:
No connection string provided

Action:
Please provide connection string.

2024-04-28 23:54:19.781-03:00 ERROR c.m.applicationinsights.agent - 
*************************
Application Insights Java Agent 3.5.1 startup failed (PID 1741)
*************************

Description:
No connection string provided

Action:
Please provide connection string.

2024-04-28 23:57:01.800-03:00 ERROR c.m.applicationinsights.agent - 
*************************
Application Insights Java Agent 3.5.1 startup failed (PID 1802)
*************************

Description:
No connection string provided

Action:
Please provide connection string.

2024-04-28 23:57:50.501-03:00 ERROR c.m.applicationinsights.agent - 
*************************
Application Insights Java Agent 3.5.1 startup failed (PID 1842)
*************************

Description:
No connection string provided

Action:
Please provide connection string.

2024-04-29 00:00:23.008-03:00 ERROR c.m.applicationinsights.agent - 
*************************
Application Insights Java Agent 3.5.1 startup failed (PID 1907)
*************************

Description:
No connection string provided

Action:
Please provide connection string.

2024-04-29 00:01:06.889-03:00 ERROR c.m.applicationinsights.agent - 
*************************
Application Insights Java Agent 3.5.1 startup failed (PID 1924)
*************************

Description:
No connection string provided

Action:
Please provide connection string.

2024-04-29 00:03:18.650-03:00 ERROR c.m.applicationinsights.agent - 
*************************
Application Insights Java Agent 3.5.1 startup failed (PID 1994)
*************************

Description:
No connection string provided

Action:
Please provide connection string.

2024-04-29 00:06:28.692-03:00 ERROR c.m.applicationinsights.agent - 
*************************
Application Insights Java Agent 3.5.1 startup failed (PID 2094)
*************************

Description:
No connection string provided

Action:
Please provide connection string.

2024-04-29 16:56:46.092-03:00 ERROR c.m.applicationinsights.agent - 
*************************
Application Insights Java Agent 3.5.1 startup failed (PID 14790)
*************************

Description:
No connection string provided

Action:
Please provide connection string.

2024-04-29 16:59:00.957-03:00 ERROR c.m.applicationinsights.agent - 
*************************
Application Insights Java Agent 3.5.1 startup failed (PID 14859)
*************************

Description:
No connection string provided

Action:
Please provide connection string.

2024-04-29 17:00:50.797-03:00 ERROR c.m.applicationinsights.agent - 
*************************
Application Insights Java Agent 3.5.1 startup failed (PID 14922)
*************************

Description:
No connection string provided

Action:
Please provide connection string.

2024-05-02 13:12:09.002-03:00 ERROR c.m.applicationinsights.agent - 
*************************
Application Insights Java Agent 3.5.1 startup failed (PID 76782)
*************************

Description:
No connection string provided

Action:
Please provide connection string.

2024-05-02 14:50:03.637-03:00 ERROR c.m.applicationinsights.agent - 
*************************
Application Insights Java Agent 3.5.1 startup failed (PID 81578)
*************************

Description:
No connection string provided

Action:
Please provide connection string.

2024-05-03 16:38:05.068-03:00 ERROR c.m.applicationinsights.agent - 
*************************
Application Insights Java Agent 3.5.1 startup failed (PID 19528)
*************************

Description:
No connection string provided

Action:
Please provide connection string.

2024-05-03 16:40:03.716-03:00 ERROR c.m.applicationinsights.agent - 
*************************
Application Insights Java Agent 3.5.1 startup failed (PID 19597)
*************************

Description:
No connection string provided

Action:
Please provide connection string.

2024-05-03 16:40:57.630-03:00 ERROR c.m.applicationinsights.agent - 
*************************
Application Insights Java Agent 3.5.1 startup failed (PID 19660)
*************************

Description:
No connection string provided

Action:
Please provide connection string.

2024-05-07 18:57:33.821-03:00 ERROR c.m.applicationinsights.agent - 
*************************
Application Insights Java Agent 3.5.1 startup failed (PID 16453)
*************************

Description:
No connection string provided

Action:
Please provide connection string.

2024-05-07 18:58:09.986-03:00 ERROR c.m.applicationinsights.agent - 
*************************
Application Insights Java Agent 3.5.1 startup failed (PID 16530)
*************************

Description:
No connection string provided

Action:
Please provide connection string.

2024-05-08 15:23:51.085-03:00 ERROR c.m.applicationinsights.agent - 
*************************
Application Insights Java Agent 3.5.1 startup failed (PID 49272)
*************************

Description:
No connection string provided

Action:
Please provide connection string.

2024-05-20 16:07:17.866-03:00 ERROR c.m.applicationinsights.agent - 
*************************
Application Insights Java Agent 3.5.1 startup failed (PID 55622)
*************************

Description:
No connection string provided

Action:
Please provide connection string.

2024-05-21 10:17:32.616-03:00 ERROR c.m.applicationinsights.agent - 
*************************
Application Insights Java Agent 3.5.1 startup failed (PID 2285)
*************************

Description:
No connection string provided

Action:
Please provide connection string.

2024-05-21 10:44:47.842-03:00 ERROR c.m.applicationinsights.agent - 
*************************
Application Insights Java Agent 3.5.1 startup failed (PID 3204)
*************************

Description:
No connection string provided

Action:
Please provide connection string.

2024-05-21 10:47:36.752-03:00 ERROR c.m.applicationinsights.agent - 
*************************
Application Insights Java Agent 3.5.1 startup failed (PID 3302)
*************************

Description:
No connection string provided

Action:
Please provide connection string.

2024-05-21 10:48:06.672-03:00 ERROR c.m.applicationinsights.agent - 
*************************
Application Insights Java Agent 3.5.1 startup failed (PID 3325)
*************************

Description:
No connection string provided

Action:
Please provide connection string.

2024-05-21 10:48:37.724-03:00 ERROR c.m.applicationinsights.agent - 
*************************
Application Insights Java Agent 3.5.1 startup failed (PID 3349)
*************************

Description:
No connection string provided

Action:
Please provide connection string.

2024-05-21 10:50:06.682-03:00 ERROR c.m.applicationinsights.agent - 
*************************
Application Insights Java Agent 3.5.1 startup failed (PID 3417)
*************************

Description:
No connection string provided

Action:
Please provide connection string.

2024-05-21 10:53:38.553-03:00 ERROR c.m.applicationinsights.agent - 
*************************
Application Insights Java Agent 3.5.1 startup failed (PID 3505)
*************************

Description:
No connection string provided

Action:
Please provide connection string.

2024-05-21 12:21:22.848-03:00 ERROR c.m.applicationinsights.agent - 
*************************
Application Insights Java Agent 3.5.1 startup failed (PID 5678)
*************************

Description:
No connection string provided

Action:
Please provide connection string.

2024-05-21 12:21:58.587-03:00 ERROR c.m.applicationinsights.agent - 
*************************
Application Insights Java Agent 3.5.1 startup failed (PID 5772)
*************************

Description:
No connection string provided

Action:
Please provide connection string.

2024-05-21 19:30:54.455-03:00 ERROR c.m.applicationinsights.agent - 
*************************
Application Insights Java Agent 3.5.1 startup failed (PID 20423)
*************************

Description:
No connection string provided

Action:
Please provide connection string.

2024-05-24 14:36:58.116-03:00 ERROR c.m.applicationinsights.agent - 
*************************
Application Insights Java Agent 3.5.1 startup failed (PID 7847)
*************************

Description:
No connection string provided

Action:
Please provide connection string.

2024-05-24 14:40:06.541-03:00 ERROR c.m.applicationinsights.agent - 
*************************
Application Insights Java Agent 3.5.1 startup failed (PID 7946)
*************************

Description:
No connection string provided

Action:
Please provide connection string.

2024-05-24 15:12:01.641-03:00 ERROR c.m.applicationinsights.agent - 
*************************
Application Insights Java Agent 3.5.1 startup failed (PID 8767)
*************************

Description:
No connection string provided

Action:
Please provide connection string.

2024-05-24 15:22:07.114-03:00 ERROR c.m.applicationinsights.agent - 
*************************
Application Insights Java Agent 3.5.1 startup failed (PID 9388)
*************************

Description:
No connection string provided

Action:
Please provide connection string.

2024-05-24 16:20:00.534-03:00 ERROR c.m.applicationinsights.agent - 
*************************
Application Insights Java Agent 3.5.1 startup failed (PID 11443)
*************************

Description:
No connection string provided

Action:
Please provide connection string.

2024-05-24 16:44:15.312-03:00 ERROR c.m.applicationinsights.agent - 
*************************
Application Insights Java Agent 3.5.1 startup failed (PID 12397)
*************************

Description:
No connection string provided

Action:
Please provide connection string.

2024-05-24 16:53:41.214-03:00 ERROR c.m.applicationinsights.agent - 
*************************
Application Insights Java Agent 3.5.1 startup failed (PID 12615)
*************************

Description:
No connection string provided

Action:
Please provide connection string.

2024-05-24 16:54:16.206-03:00 ERROR c.m.applicationinsights.agent - 
*************************
Application Insights Java Agent 3.5.1 startup failed (PID 12636)
*************************

Description:
No connection string provided

Action:
Please provide connection string.

2024-05-24 16:55:38.112-03:00 ERROR c.m.applicationinsights.agent - 
*************************
Application Insights Java Agent 3.5.1 startup failed (PID 12698)
*************************

Description:
No connection string provided

Action:
Please provide connection string.

2024-05-24 17:08:47.095-03:00 ERROR c.m.applicationinsights.agent - 
*************************
Application Insights Java Agent 3.5.1 startup failed (PID 13199)
*************************

Description:
No connection string provided

Action:
Please provide connection string.

2024-05-24 17:12:47.887-03:00 ERROR c.m.applicationinsights.agent - 
*************************
Application Insights Java Agent 3.5.1 startup failed (PID 13370)
*************************

Description:
No connection string provided

Action:
Please provide connection string.

2024-05-27 15:19:55.080-03:00 ERROR c.m.applicationinsights.agent - 
*************************
Application Insights Java Agent 3.5.1 startup failed (PID 4548)
*************************

Description:
No connection string provided

Action:
Please provide connection string.

2024-05-28 13:29:48.322-03:00 ERROR c.m.applicationinsights.agent - 
*************************
Application Insights Java Agent 3.5.1 startup failed (PID 49915)
*************************

Description:
No connection string provided

Action:
Please provide connection string.

2024-05-28 13:42:19.057-03:00 ERROR c.m.applicationinsights.agent - 
*************************
Application Insights Java Agent 3.5.1 startup failed (PID 50417)
*************************

Description:
No connection string provided

Action:
Please provide connection string.

2024-05-28 18:26:15.704-03:00 ERROR c.m.applicationinsights.agent - 
*************************
Application Insights Java Agent 3.5.1 startup failed (PID 59751)
*************************

Description:
No connection string provided

Action:
Please provide connection string.

2024-05-28 18:27:18.361-03:00 ERROR c.m.applicationinsights.agent - 
*************************
Application Insights Java Agent 3.5.1 startup failed (PID 59793)
*************************

Description:
No connection string provided

Action:
Please provide connection string.

2024-05-28 18:34:04.062-03:00 ERROR c.m.applicationinsights.agent - 
*************************
Application Insights Java Agent 3.5.1 startup failed (PID 59991)
*************************

Description:
No connection string provided

Action:
Please provide connection string.

2024-05-28 21:04:38.333-03:00 ERROR c.m.applicationinsights.agent - 
*************************
Application Insights Java Agent 3.5.1 startup failed (PID 70095)
*************************

Description:
No connection string provided

Action:
Please provide connection string.

2024-05-28 21:05:07.169-03:00 ERROR c.m.applicationinsights.agent - 
*************************
Application Insights Java Agent 3.5.1 startup failed (PID 70119)
*************************

Description:
No connection string provided

Action:
Please provide connection string.

2024-05-28 21:05:59.653-03:00 ERROR c.m.applicationinsights.agent - 
*************************
Application Insights Java Agent 3.5.1 startup failed (PID 70193)
*************************

Description:
No connection string provided

Action:
Please provide connection string.

2024-05-28 21:09:06.795-03:00 ERROR c.m.applicationinsights.agent - 
*************************
Application Insights Java Agent 3.5.1 startup failed (PID 70274)
*************************

Description:
No connection string provided

Action:
Please provide connection string.

2024-05-28 21:11:11.171-03:00 ERROR c.m.applicationinsights.agent - 
*************************
Application Insights Java Agent 3.5.1 startup failed (PID 70340)
*************************

Description:
No connection string provided

Action:
Please provide connection string.

2024-05-28 21:21:53.864-03:00 ERROR c.m.applicationinsights.agent - 
*************************
Application Insights Java Agent 3.5.1 startup failed (PID 70625)
*************************

Description:
No connection string provided

Action:
Please provide connection string.

2024-05-28 21:34:38.463-03:00 ERROR c.m.applicationinsights.agent - 
*************************
Application Insights Java Agent 3.5.1 startup failed (PID 71003)
*************************

Description:
No connection string provided

Action:
Please provide connection string.

2024-05-28 21:39:12.218-03:00 ERROR c.m.applicationinsights.agent - 
*************************
Application Insights Java Agent 3.5.1 startup failed (PID 71135)
*************************

Description:
No connection string provided

Action:
Please provide connection string.

2024-05-28 21:41:13.863-03:00 ERROR c.m.applicationinsights.agent - 
*************************
Application Insights Java Agent 3.5.1 startup failed (PID 71206)
*************************

Description:
No connection string provided

Action:
Please provide connection string.

2024-05-28 21:47:00.617-03:00 ERROR c.m.applicationinsights.agent - 
*************************
Application Insights Java Agent 3.5.1 startup failed (PID 71340)
*************************

Description:
No connection string provided

Action:
Please provide connection string.

2024-05-28 21:49:26.387-03:00 ERROR c.m.applicationinsights.agent - 
*************************
Application Insights Java Agent 3.5.1 startup failed (PID 71418)
*************************

Description:
No connection string provided

Action:
Please provide connection string.

2024-05-29 00:11:32.954-03:00 ERROR c.m.applicationinsights.agent - 
*************************
Application Insights Java Agent 3.5.1 startup failed (PID 75262)
*************************

Description:
No connection string provided

Action:
Please provide connection string.

2024-05-29 00:15:14.307-03:00 ERROR c.m.applicationinsights.agent - 
*************************
Application Insights Java Agent 3.5.1 startup failed (PID 75349)
*************************

Description:
No connection string provided

Action:
Please provide connection string.

2024-05-29 10:13:08.942-03:00 ERROR c.m.applicationinsights.agent - 
*************************
Application Insights Java Agent 3.5.1 startup failed (PID 88512)
*************************

Description:
No connection string provided

Action:
Please provide connection string.

2024-05-29 12:53:25.129-03:00 ERROR c.m.applicationinsights.agent - 
*************************
Application Insights Java Agent 3.5.1 startup failed (PID 92725)
*************************

Description:
No connection string provided

Action:
Please provide connection string.

2024-05-29 13:02:02.922-03:00 ERROR c.m.applicationinsights.agent - 
*************************
Application Insights Java Agent 3.5.1 startup failed (PID 92993)
*************************

Description:
No connection string provided

Action:
Please provide connection string.

2024-05-29 14:12:56.877-03:00 ERROR c.m.applicationinsights.agent - 
*************************
Application Insights Java Agent 3.5.1 startup failed (PID 95942)
*************************

Description:
No connection string provided

Action:
Please provide connection string.

2024-06-03 18:26:11.981-03:00 ERROR c.m.applicationinsights.agent - 
*************************
Application Insights Java Agent 3.5.1 startup failed (PID 34892)
*************************

Description:
No connection string provided

Action:
Please provide connection string.

2024-06-05 11:36:00.878-03:00 ERROR c.m.applicationinsights.agent - 
*************************
Application Insights Java Agent 3.5.1 startup failed (PID 74938)
*************************

Description:
No connection string provided

Action:
Please provide connection string.

2024-06-06 10:35:15.158-03:00 ERROR c.m.applicationinsights.agent - 
*************************
Application Insights Java Agent 3.5.1 startup failed (PID 20020)
*************************

Description:
No connection string provided

Action:
Please provide connection string.

2024-06-06 10:50:51.521-03:00 ERROR c.m.applicationinsights.agent - 
*************************
Application Insights Java Agent 3.5.1 startup failed (PID 20466)
*************************

Description:
No connection string provided

Action:
Please provide connection string.

2024-06-06 11:45:13.844-03:00 ERROR c.m.applicationinsights.agent - 
*************************
Application Insights Java Agent 3.5.1 startup failed (PID 22043)
*************************

Description:
No connection string provided

Action:
Please provide connection string.

2024-06-06 11:51:01.563-03:00 ERROR c.m.applicationinsights.agent - 
*************************
Application Insights Java Agent 3.5.1 startup failed (PID 22299)
*************************

Description:
No connection string provided

Action:
Please provide connection string.

2024-06-12 02:06:52.227-03:00 ERROR c.m.applicationinsights.agent - 
*************************
Application Insights Java Agent 3.5.1 startup failed (PID 40982)
*************************

Description:
No connection string provided

Action:
Please provide connection string.

2024-06-12 02:08:18.924-03:00 ERROR c.m.applicationinsights.agent - 
*************************
Application Insights Java Agent 3.5.1 startup failed (PID 41044)
*************************

Description:
No connection string provided

Action:
Please provide connection string.

2024-06-12 02:14:24.926-03:00 ERROR c.m.applicationinsights.agent - 
*************************
Application Insights Java Agent 3.5.1 startup failed (PID 41283)
*************************

Description:
No connection string provided

Action:
Please provide connection string.

2024-06-12 02:19:54.635-03:00 ERROR c.m.applicationinsights.agent - 
*************************
Application Insights Java Agent 3.5.1 startup failed (PID 41424)
*************************

Description:
No connection string provided

Action:
Please provide connection string.

2024-06-12 02:24:23.797-03:00 ERROR c.m.applicationinsights.agent - 
*************************
Application Insights Java Agent 3.5.1 startup failed (PID 41555)
*************************

Description:
No connection string provided

Action:
Please provide connection string.

2024-06-12 02:31:06.726-03:00 ERROR c.m.applicationinsights.agent - 
*************************
Application Insights Java Agent 3.5.1 startup failed (PID 41803)
*************************

Description:
No connection string provided

Action:
Please provide connection string.

2024-06-13 15:14:55.178-03:00 ERROR c.m.applicationinsights.agent - 
*************************
Application Insights Java Agent 3.5.1 startup failed (PID 74543)
*************************

Description:
No connection string provided

Action:
Please provide connection string.

2024-06-18 12:21:12.195-03:00 ERROR c.m.applicationinsights.agent - 
*************************
Application Insights Java Agent 3.5.1 startup failed (PID 97156)
*************************

Description:
No connection string provided

Action:
Please provide connection string.

2024-06-19 11:49:31.830-03:00 ERROR c.m.applicationinsights.agent - 
*************************
Application Insights Java Agent 3.5.1 startup failed (PID 34993)
*************************

Description:
No connection string provided

Action:
Please provide connection string.

2024-06-19 11:53:41.570-03:00 ERROR c.m.applicationinsights.agent - 
*************************
Application Insights Java Agent 3.5.1 startup failed (PID 35121)
*************************

Description:
No connection string provided

Action:
Please provide connection string.

2024-06-19 16:24:04.446-03:00 ERROR c.m.applicationinsights.agent - 
*************************
Application Insights Java Agent 3.5.1 startup failed (PID 42714)
*************************

Description:
No connection string provided

Action:
Please provide connection string.

2024-06-19 16:27:03.048-03:00 ERROR c.m.applicationinsights.agent - 
*************************
Application Insights Java Agent 3.5.1 startup failed (PID 42823)
*************************

Description:
No connection string provided

Action:
Please provide connection string.

2024-06-19 22:47:54.711-03:00 ERROR c.m.applicationinsights.agent - 
*************************
Application Insights Java Agent 3.5.1 startup failed (PID 53701)
*************************

Description:
No connection string provided

Action:
Please provide connection string.

2024-06-19 22:51:39.156-03:00 ERROR c.m.applicationinsights.agent - 
*************************
Application Insights Java Agent 3.5.1 startup failed (PID 53799)
*************************

Description:
No connection string provided

Action:
Please provide connection string.

2024-06-20 11:18:44.124-03:00 ERROR c.m.applicationinsights.agent - 
*************************
Application Insights Java Agent 3.5.1 startup failed (PID 61013)
*************************

Description:
No connection string provided

Action:
Please provide connection string.

2024-06-24 11:37:31.981-03:00 ERROR c.m.applicationinsights.agent - 
*************************
Application Insights Java Agent 3.5.1 startup failed (PID 46341)
*************************

Description:
No connection string provided

Action:
Please provide connection string.

2024-06-24 15:22:54.868-03:00 ERROR c.m.applicationinsights.agent - 
*************************
Application Insights Java Agent 3.5.1 startup failed (PID 55010)
*************************

Description:
No connection string provided

Action:
Please provide connection string.

2024-06-24 15:35:41.992-03:00 ERROR c.m.applicationinsights.agent - 
*************************
Application Insights Java Agent 3.5.1 startup failed (PID 55683)
*************************

Description:
No connection string provided

Action:
Please provide connection string.

2024-06-25 10:33:21.288-03:00 ERROR c.m.applicationinsights.agent - 
*************************
Application Insights Java Agent 3.5.1 startup failed (PID 87132)
*************************

Description:
No connection string provided

Action:
Please provide connection string.

2024-07-03 11:06:46.698-03:00 ERROR c.m.applicationinsights.agent - 
*************************
Application Insights Java Agent 3.5.1 startup failed (PID 53833)
*************************

Description:
No connection string provided

Action:
Please provide connection string.

2024-07-03 11:17:21.988-03:00 ERROR c.m.applicationinsights.agent - 
*************************
Application Insights Java Agent 3.5.1 startup failed (PID 54095)
*************************

Description:
No connection string provided

Action:
Please provide connection string.

2024-07-03 14:22:31.546-03:00 ERROR c.m.applicationinsights.agent - 
*************************
Application Insights Java Agent 3.5.1 startup failed (PID 60434)
*************************

Description:
No connection string provided

Action:
Please provide connection string.

2024-07-03 16:17:34.492-03:00 ERROR c.m.applicationinsights.agent - 
*************************
Application Insights Java Agent 3.5.1 startup failed (PID 63601)
*************************

Description:
No connection string provided

Action:
Please provide connection string.

2024-07-04 00:59:32.296-03:00 ERROR c.m.applicationinsights.agent - 
*************************
Application Insights Java Agent 3.5.1 startup failed (PID 72845)
*************************

Description:
No connection string provided

Action:
Please provide connection string.

2024-07-04 01:00:26.348-03:00 ERROR c.m.applicationinsights.agent - 
*************************
Application Insights Java Agent 3.5.1 startup failed (PID 72872)
*************************

Description:
No connection string provided

Action:
Please provide connection string.

2024-07-04 01:08:54.616-03:00 ERROR c.m.applicationinsights.agent - 
*************************
Application Insights Java Agent 3.5.1 startup failed (PID 73167)
*************************

Description:
No connection string provided

Action:
Please provide connection string.

2024-07-04 01:10:30.525-03:00 ERROR c.m.applicationinsights.agent - 
*************************
Application Insights Java Agent 3.5.1 startup failed (PID 73199)
*************************

Description:
No connection string provided

Action:
Please provide connection string.

2024-07-04 01:18:32.842-03:00 ERROR c.m.applicationinsights.agent - 
*************************
Application Insights Java Agent 3.5.1 startup failed (PID 73371)
*************************

Description:
No connection string provided

Action:
Please provide connection string.

2024-07-04 01:21:24.114-03:00 ERROR c.m.applicationinsights.agent - 
*************************
Application Insights Java Agent 3.5.1 startup failed (PID 73450)
*************************

Description:
No connection string provided

Action:
Please provide connection string.

2024-07-04 01:21:42.914-03:00 ERROR c.m.applicationinsights.agent - 
*************************
Application Insights Java Agent 3.5.1 startup failed (PID 73461)
*************************

Description:
No connection string provided

Action:
Please provide connection string.

2024-07-04 01:23:58.273-03:00 ERROR c.m.applicationinsights.agent - 
*************************
Application Insights Java Agent 3.5.1 startup failed (PID 73506)
*************************

Description:
No connection string provided

Action:
Please provide connection string.

2024-07-04 01:24:53.253-03:00 ERROR c.m.applicationinsights.agent - 
*************************
Application Insights Java Agent 3.5.1 startup failed (PID 73536)
*************************

Description:
No connection string provided

Action:
Please provide connection string.

2024-07-04 01:32:12.697-03:00 ERROR c.m.applicationinsights.agent - 
*************************
Application Insights Java Agent 3.5.1 startup failed (PID 73703)
*************************

Description:
No connection string provided

Action:
Please provide connection string.

2024-07-04 01:43:51.589-03:00 ERROR c.m.applicationinsights.agent - 
*************************
Application Insights Java Agent 3.5.1 startup failed (PID 74512)
*************************

Description:
No connection string provided

Action:
Please provide connection string.

2024-07-04 01:51:57.476-03:00 ERROR c.m.applicationinsights.agent - 
*************************
Application Insights Java Agent 3.5.1 startup failed (PID 74770)
*************************

Description:
No connection string provided

Action:
Please provide connection string.

2024-07-04 12:44:39.750-03:00 ERROR c.m.applicationinsights.agent - 
*************************
Application Insights Java Agent 3.5.1 startup failed (PID 84891)
*************************

Description:
No connection string provided

Action:
Please provide connection string.

2024-07-04 12:49:17.750-03:00 ERROR c.m.applicationinsights.agent - 
*************************
Application Insights Java Agent 3.5.1 startup failed (PID 85184)
*************************

Description:
No connection string provided

Action:
Please provide connection string.

2024-07-04 12:52:40.317-03:00 ERROR c.m.applicationinsights.agent - 
*************************
Application Insights Java Agent 3.5.1 startup failed (PID 85291)
*************************

Description:
No connection string provided

Action:
Please provide connection string.

2024-07-04 12:56:57.568-03:00 ERROR c.m.applicationinsights.agent - 
*************************
Application Insights Java Agent 3.5.1 startup failed (PID 85409)
*************************

Description:
No connection string provided

Action:
Please provide connection string.

2024-07-04 13:14:40.129-03:00 ERROR c.m.applicationinsights.agent - 
*************************
Application Insights Java Agent 3.5.1 startup failed (PID 86550)
*************************

Description:
No connection string provided

Action:
Please provide connection string.

2024-07-04 15:34:19.183-03:00 ERROR c.m.applicationinsights.agent - 
*************************
Application Insights Java Agent 3.5.1 startup failed (PID 90644)
*************************

Description:
No connection string provided

Action:
Please provide connection string.

2024-07-04 15:35:10.441-03:00 ERROR c.m.applicationinsights.agent - 
*************************
Application Insights Java Agent 3.5.1 startup failed (PID 90672)
*************************

Description:
No connection string provided

Action:
Please provide connection string.

2024-07-05 16:57:14.000-03:00 ERROR c.m.applicationinsights.agent - 
*************************
Application Insights Java Agent 3.5.1 startup failed (PID 27881)
*************************

Description:
No connection string provided

Action:
Please provide connection string.

2024-07-05 17:33:31.994-03:00 ERROR c.m.applicationinsights.agent - 
*************************
Application Insights Java Agent 3.5.1 startup failed (PID 29218)
*************************

Description:
No connection string provided

Action:
Please provide connection string.

2024-07-06 20:55:24.545-03:00 ERROR c.m.applicationinsights.agent - 
*************************
Application Insights Java Agent 3.5.1 startup failed (PID 47265)
*************************

Description:
No connection string provided

Action:
Please provide connection string.

2024-07-06 21:06:16.504-03:00 ERROR c.m.applicationinsights.agent - 
*************************
Application Insights Java Agent 3.5.1 startup failed (PID 47653)
*************************

Description:
No connection string provided

Action:
Please provide connection string.

2024-07-06 21:10:58.239-03:00 ERROR c.m.applicationinsights.agent - 
*************************
Application Insights Java Agent 3.5.1 startup failed (PID 47781)
*************************

Description:
No connection string provided

Action:
Please provide connection string.

2024-07-06 21:12:00.297-03:00 ERROR c.m.applicationinsights.agent - 
*************************
Application Insights Java Agent 3.5.1 startup failed (PID 47832)
*************************

Description:
No connection string provided

Action:
Please provide connection string.

2024-07-06 21:17:03.308-03:00 ERROR c.m.applicationinsights.agent - 
*************************
Application Insights Java Agent 3.5.1 startup failed (PID 47955)
*************************

Description:
No connection string provided

Action:
Please provide connection string.

2024-07-06 21:19:41.023-03:00 ERROR c.m.applicationinsights.agent - 
*************************
Application Insights Java Agent 3.5.1 startup failed (PID 48025)
*************************

Description:
No connection string provided

Action:
Please provide connection string.

2024-07-06 21:24:44.580-03:00 ERROR c.m.applicationinsights.agent - 
*************************
Application Insights Java Agent 3.5.1 startup failed (PID 48132)
*************************

Description:
No connection string provided

Action:
Please provide connection string.

2024-07-06 21:34:43.737-03:00 ERROR c.m.applicationinsights.agent - 
*************************
Application Insights Java Agent 3.5.1 startup failed (PID 48345)
*************************

Description:
No connection string provided

Action:
Please provide connection string.

2024-07-06 21:37:01.870-03:00 ERROR c.m.applicationinsights.agent - 
*************************
Application Insights Java Agent 3.5.1 startup failed (PID 48417)
*************************

Description:
No connection string provided

Action:
Please provide connection string.

2024-07-06 21:42:05.163-03:00 ERROR c.m.applicationinsights.agent - 
*************************
Application Insights Java Agent 3.5.1 startup failed (PID 48619)
*************************

Description:
No connection string provided

Action:
Please provide connection string.

2024-07-06 21:42:54.820-03:00 ERROR c.m.applicationinsights.agent - 
*************************
Application Insights Java Agent 3.5.1 startup failed (PID 48685)
*************************

Description:
No connection string provided

Action:
Please provide connection string.

2024-07-06 21:46:22.344-03:00 ERROR c.m.applicationinsights.agent - 
*************************
Application Insights Java Agent 3.5.1 startup failed (PID 48763)
*************************

Description:
No connection string provided

Action:
Please provide connection string.

2024-07-06 21:47:31.281-03:00 ERROR c.m.applicationinsights.agent - 
*************************
Application Insights Java Agent 3.5.1 startup failed (PID 48804)
*************************

Description:
No connection string provided

Action:
Please provide connection string.

2024-07-06 21:50:32.419-03:00 ERROR c.m.applicationinsights.agent - 
*************************
Application Insights Java Agent 3.5.1 startup failed (PID 48894)
*************************

Description:
No connection string provided

Action:
Please provide connection string.

2024-07-06 21:51:44.676-03:00 ERROR c.m.applicationinsights.agent - 
*************************
Application Insights Java Agent 3.5.1 startup failed (PID 48951)
*************************

Description:
No connection string provided

Action:
Please provide connection string.

2024-07-06 22:10:52.003-03:00 ERROR c.m.applicationinsights.agent - 
*************************
Application Insights Java Agent 3.5.1 startup failed (PID 49442)
*************************

Description:
No connection string provided

Action:
Please provide connection string.

2024-07-06 22:12:47.531-03:00 ERROR c.m.applicationinsights.agent - 
*************************
Application Insights Java Agent 3.5.1 startup failed (PID 49535)
*************************

Description:
No connection string provided

Action:
Please provide connection string.

2024-07-06 22:14:36.605-03:00 ERROR c.m.applicationinsights.agent - 
*************************
Application Insights Java Agent 3.5.1 startup failed (PID 49579)
*************************

Description:
No connection string provided

Action:
Please provide connection string.

2024-07-06 22:57:34.370-03:00 ERROR c.m.applicationinsights.agent - 
*************************
Application Insights Java Agent 3.5.1 startup failed (PID 50407)
*************************

Description:
No connection string provided

Action:
Please provide connection string.

2024-07-06 23:12:46.596-03:00 ERROR c.m.applicationinsights.agent - 
*************************
Application Insights Java Agent 3.5.1 startup failed (PID 50768)
*************************

Description:
No connection string provided

Action:
Please provide connection string.

2024-07-06 23:13:30.740-03:00 ERROR c.m.applicationinsights.agent - 
*************************
Application Insights Java Agent 3.5.1 startup failed (PID 50812)
*************************

Description:
No connection string provided

Action:
Please provide connection string.

2024-07-06 23:18:45.282-03:00 ERROR c.m.applicationinsights.agent - 
*************************
Application Insights Java Agent 3.5.1 startup failed (PID 50980)
*************************

Description:
No connection string provided

Action:
Please provide connection string.

2024-07-06 23:27:47.495-03:00 ERROR c.m.applicationinsights.agent - 
*************************
Application Insights Java Agent 3.5.1 startup failed (PID 51176)
*************************

Description:
No connection string provided

Action:
Please provide connection string.

2024-07-06 23:33:20.853-03:00 ERROR c.m.applicationinsights.agent - 
*************************
Application Insights Java Agent 3.5.1 startup failed (PID 51313)
*************************

Description:
No connection string provided

Action:
Please provide connection string.

2024-07-06 23:35:22.803-03:00 ERROR c.m.applicationinsights.agent - 
*************************
Application Insights Java Agent 3.5.1 startup failed (PID 51370)
*************************

Description:
No connection string provided

Action:
Please provide connection string.

2024-07-07 00:11:30.039-03:00 ERROR c.m.applicationinsights.agent - 
*************************
Application Insights Java Agent 3.5.1 startup failed (PID 52445)
*************************

Description:
No connection string provided

Action:
Please provide connection string.

2024-07-08 09:47:39.041-03:00 ERROR c.m.applicationinsights.agent - 
*************************
Application Insights Java Agent 3.5.1 startup failed (PID 56044)
*************************

Description:
No connection string provided

Action:
Please provide connection string.

2024-07-08 10:11:13.972-03:00 ERROR c.m.applicationinsights.agent - 
*************************
Application Insights Java Agent 3.5.1 startup failed (PID 56916)
*************************

Description:
No connection string provided

Action:
Please provide connection string.

2024-07-08 16:45:57.039-03:00 ERROR c.m.applicationinsights.agent - 
*************************
Application Insights Java Agent 3.5.1 startup failed (PID 72218)
*************************

Description:
No connection string provided

Action:
Please provide connection string.

2024-07-08 16:48:41.005-03:00 ERROR c.m.applicationinsights.agent - 
*************************
Application Insights Java Agent 3.5.1 startup failed (PID 72305)
*************************

Description:
No connection string provided

Action:
Please provide connection string.

2024-07-11 18:45:49.561-03:00 ERROR c.m.applicationinsights.agent - 
*************************
Application Insights Java Agent 3.5.1 startup failed (PID 32543)
*************************

Description:
No connection string provided

Action:
Please provide connection string.

2024-07-11 22:53:43.746-03:00 ERROR c.m.applicationinsights.agent - 
*************************
Application Insights Java Agent 3.5.1 startup failed (PID 37632)
*************************

Description:
No connection string provided

Action:
Please provide connection string.

2024-07-11 23:15:08.259-03:00 ERROR c.m.applicationinsights.agent - 
*************************
Application Insights Java Agent 3.5.1 startup failed (PID 38208)
*************************

Description:
No connection string provided

Action:
Please provide connection string.

2024-07-11 23:24:38.727-03:00 ERROR c.m.applicationinsights.agent - 
*************************
Application Insights Java Agent 3.5.1 startup failed (PID 38452)
*************************

Description:
No connection string provided

Action:
Please provide connection string.

2024-07-11 23:25:59.864-03:00 ERROR c.m.applicationinsights.agent - 
*************************
Application Insights Java Agent 3.5.1 startup failed (PID 38497)
*************************

Description:
No connection string provided

Action:
Please provide connection string.

2024-07-11 23:29:38.257-03:00 ERROR c.m.applicationinsights.agent - 
*************************
Application Insights Java Agent 3.5.1 startup failed (PID 38617)
*************************

Description:
No connection string provided

Action:
Please provide connection string.

2024-07-11 23:40:22.006-03:00 ERROR c.m.applicationinsights.agent - 
*************************
Application Insights Java Agent 3.5.1 startup failed (PID 38878)
*************************

Description:
No connection string provided

Action:
Please provide connection string.

2024-07-11 23:47:33.034-03:00 ERROR c.m.applicationinsights.agent - 
*************************
Application Insights Java Agent 3.5.1 startup failed (PID 39009)
*************************

Description:
No connection string provided

Action:
Please provide connection string.

2024-07-11 23:51:55.249-03:00 ERROR c.m.applicationinsights.agent - 
*************************
Application Insights Java Agent 3.5.1 startup failed (PID 39173)
*************************

Description:
No connection string provided

Action:
Please provide connection string.

2024-07-11 23:52:00.223-03:00 ERROR c.m.applicationinsights.agent - 
*************************
Application Insights Java Agent 3.5.1 startup failed (PID 39193)
*************************

Description:
No connection string provided

Action:
Please provide connection string.

2024-07-12 00:01:51.005-03:00 ERROR c.m.applicationinsights.agent - 
*************************
Application Insights Java Agent 3.5.1 startup failed (PID 39484)
*************************

Description:
No connection string provided

Action:
Please provide connection string.

2024-07-12 00:06:06.450-03:00 ERROR c.m.applicationinsights.agent - 
*************************
Application Insights Java Agent 3.5.1 startup failed (PID 39595)
*************************

Description:
No connection string provided

Action:
Please provide connection string.

2024-07-12 00:11:12.085-03:00 ERROR c.m.applicationinsights.agent - 
*************************
Application Insights Java Agent 3.5.1 startup failed (PID 39705)
*************************

Description:
No connection string provided

Action:
Please provide connection string.

2024-07-12 00:11:46.473-03:00 ERROR c.m.applicationinsights.agent - 
*************************
Application Insights Java Agent 3.5.1 startup failed (PID 39725)
*************************

Description:
No connection string provided

Action:
Please provide connection string.

2024-07-12 00:18:09.198-03:00 ERROR c.m.applicationinsights.agent - 
*************************
Application Insights Java Agent 3.5.1 startup failed (PID 39860)
*************************

Description:
No connection string provided

Action:
Please provide connection string.

2024-07-12 00:19:58.946-03:00 ERROR c.m.applicationinsights.agent - 
*************************
Application Insights Java Agent 3.5.1 startup failed (PID 39905)
*************************

Description:
No connection string provided

Action:
Please provide connection string.

2024-07-12 00:22:40.411-03:00 ERROR c.m.applicationinsights.agent - 
*************************
Application Insights Java Agent 3.5.1 startup failed (PID 40013)
*************************

Description:
No connection string provided

Action:
Please provide connection string.

2024-07-12 00:25:38.491-03:00 ERROR c.m.applicationinsights.agent - 
*************************
Application Insights Java Agent 3.5.1 startup failed (PID 40112)
*************************

Description:
No connection string provided

Action:
Please provide connection string.

2024-07-12 00:30:05.660-03:00 ERROR c.m.applicationinsights.agent - 
*************************
Application Insights Java Agent 3.5.1 startup failed (PID 40250)
*************************

Description:
No connection string provided

Action:
Please provide connection string.

2024-07-19 00:45:29.754-03:00 ERROR c.m.applicationinsights.agent - 
*************************
Application Insights Java Agent 3.5.1 startup failed (PID 87364)
*************************

Description:
No connection string provided

Action:
Please provide connection string.

2024-07-19 00:46:20.525-03:00 ERROR c.m.applicationinsights.agent - 
*************************
Application Insights Java Agent 3.5.1 startup failed (PID 87388)
*************************

Description:
No connection string provided

Action:
Please provide connection string.

2024-07-19 00:54:07.473-03:00 ERROR c.m.applicationinsights.agent - 
*************************
Application Insights Java Agent 3.5.1 startup failed (PID 87645)
*************************

Description:
No connection string provided

Action:
Please provide connection string.

2024-07-19 16:42:40.445-03:00 ERROR c.m.applicationinsights.agent - 
*************************
Application Insights Java Agent 3.5.1 startup failed (PID 9799)
*************************

Description:
No connection string provided

Action:
Please provide connection string.

2024-07-22 15:38:17.359-03:00 ERROR c.m.applicationinsights.agent - 
*************************
Application Insights Java Agent 3.5.1 startup failed (PID 12937)
*************************

Description:
No connection string provided

Action:
Please provide connection string.

2024-08-02 10:24:11.374-03:00 ERROR c.m.applicationinsights.agent - 
*************************
Application Insights Java Agent 3.5.1 startup failed (PID 62955)
*************************

Description:
No connection string provided

Action:
Please provide connection string.

2024-08-02 10:26:07.254-03:00 ERROR c.m.applicationinsights.agent - 
*************************
Application Insights Java Agent 3.5.1 startup failed (PID 63011)
*************************

Description:
No connection string provided

Action:
Please provide connection string.

2024-08-06 13:54:14.930-03:00 ERROR c.m.applicationinsights.agent - 
*************************
Application Insights Java Agent 3.5.1 startup failed (PID 51747)
*************************

Description:
No connection string provided

Action:
Please provide connection string.

2024-08-06 13:55:26.139-03:00 ERROR c.m.applicationinsights.agent - 
*************************
Application Insights Java Agent 3.5.1 startup failed (PID 51792)
*************************

Description:
No connection string provided

Action:
Please provide connection string.

2024-08-06 15:17:42.871-03:00 ERROR c.m.applicationinsights.agent - 
*************************
Application Insights Java Agent 3.5.1 startup failed (PID 53956)
*************************

Description:
No connection string provided

Action:
Please provide connection string.

2024-08-06 15:25:05.233-03:00 ERROR c.m.applicationinsights.agent - 
*************************
Application Insights Java Agent 3.5.1 startup failed (PID 54219)
*************************

Description:
No connection string provided

Action:
Please provide connection string.

2024-08-06 15:35:56.826-03:00 ERROR c.m.applicationinsights.agent - 
*************************
Application Insights Java Agent 3.5.1 startup failed (PID 54696)
*************************

Description:
No connection string provided

Action:
Please provide connection string.

2024-08-06 15:44:49.052-03:00 ERROR c.m.applicationinsights.agent - 
*************************
Application Insights Java Agent 3.5.1 startup failed (PID 54887)
*************************

Description:
No connection string provided

Action:
Please provide connection string.

2024-08-06 15:48:42.718-03:00 ERROR c.m.applicationinsights.agent - 
*************************
Application Insights Java Agent 3.5.1 startup failed (PID 55059)
*************************

Description:
No connection string provided

Action:
Please provide connection string.

2024-08-06 15:50:52.149-03:00 ERROR c.m.applicationinsights.agent - 
*************************
Application Insights Java Agent 3.5.1 startup failed (PID 55153)
*************************

Description:
No connection string provided

Action:
Please provide connection string.

2024-08-06 15:54:17.584-03:00 ERROR c.m.applicationinsights.agent - 
*************************
Application Insights Java Agent 3.5.1 startup failed (PID 55243)
*************************

Description:
No connection string provided

Action:
Please provide connection string.

2024-08-06 16:02:25.607-03:00 ERROR c.m.applicationinsights.agent - 
*************************
Application Insights Java Agent 3.5.1 startup failed (PID 55505)
*************************

Description:
No connection string provided

Action:
Please provide connection string.

2024-08-06 16:36:59.698-03:00 ERROR c.m.applicationinsights.agent - 
*************************
Application Insights Java Agent 3.5.1 startup failed (PID 56389)
*************************

Description:
No connection string provided

Action:
Please provide connection string.

2024-08-06 17:07:55.374-03:00 ERROR c.m.applicationinsights.agent - 
*************************
Application Insights Java Agent 3.5.1 startup failed (PID 57116)
*************************

Description:
No connection string provided

Action:
Please provide connection string.

2024-08-06 17:10:11.092-03:00 ERROR c.m.applicationinsights.agent - 
*************************
Application Insights Java Agent 3.5.1 startup failed (PID 57176)
*************************

Description:
No connection string provided

Action:
Please provide connection string.

2024-08-07 11:08:35.532-03:00 ERROR c.m.applicationinsights.agent - 
*************************
Application Insights Java Agent 3.5.1 startup failed (PID 3030)
*************************

Description:
No connection string provided

Action:
Please provide connection string.

2024-08-07 11:10:25.003-03:00 ERROR c.m.applicationinsights.agent - 
*************************
Application Insights Java Agent 3.5.1 startup failed (PID 3093)
*************************

Description:
No connection string provided

Action:
Please provide connection string.

2024-08-07 11:15:56.099-03:00 ERROR c.m.applicationinsights.agent - 
*************************
Application Insights Java Agent 3.5.1 startup failed (PID 3330)
*************************

Description:
No connection string provided

Action:
Please provide connection string.

2024-08-07 11:18:54.832-03:00 ERROR c.m.applicationinsights.agent - 
*************************
Application Insights Java Agent 3.5.1 startup failed (PID 3420)
*************************

Description:
No connection string provided

Action:
Please provide connection string.

2024-08-07 11:19:33.608-03:00 ERROR c.m.applicationinsights.agent - 
*************************
Application Insights Java Agent 3.5.1 startup failed (PID 3502)
*************************

Description:
No connection string provided

Action:
Please provide connection string.

2024-08-07 11:22:35.089-03:00 ERROR c.m.applicationinsights.agent - 
*************************
Application Insights Java Agent 3.5.1 startup failed (PID 3578)
*************************

Description:
No connection string provided

Action:
Please provide connection string.

2024-08-07 11:26:30.205-03:00 ERROR c.m.applicationinsights.agent - 
*************************
Application Insights Java Agent 3.5.1 startup failed (PID 3649)
*************************

Description:
No connection string provided

Action:
Please provide connection string.

2024-08-07 11:29:02.282-03:00 ERROR c.m.applicationinsights.agent - 
*************************
Application Insights Java Agent 3.5.1 startup failed (PID 3713)
*************************

Description:
No connection string provided

Action:
Please provide connection string.

2024-08-07 11:31:08.111-03:00 ERROR c.m.applicationinsights.agent - 
*************************
Application Insights Java Agent 3.5.1 startup failed (PID 3771)
*************************

Description:
No connection string provided

Action:
Please provide connection string.

2024-08-07 11:31:13.252-03:00 ERROR c.m.applicationinsights.agent - 
*************************
Application Insights Java Agent 3.5.1 startup failed (PID 3782)
*************************

Description:
No connection string provided

Action:
Please provide connection string.

2024-08-07 11:49:36.535-03:00 ERROR c.m.applicationinsights.agent - 
*************************
Application Insights Java Agent 3.5.1 startup failed (PID 5500)
*************************

Description:
No connection string provided

Action:
Please provide connection string.

2024-08-07 11:51:24.345-03:00 ERROR c.m.applicationinsights.agent - 
*************************
Application Insights Java Agent 3.5.1 startup failed (PID 5542)
*************************

Description:
No connection string provided

Action:
Please provide connection string.

2024-08-07 11:55:10.337-03:00 ERROR c.m.applicationinsights.agent - 
*************************
Application Insights Java Agent 3.5.1 startup failed (PID 5683)
*************************

Description:
No connection string provided

Action:
Please provide connection string.

2024-08-07 11:57:03.042-03:00 ERROR c.m.applicationinsights.agent - 
*************************
Application Insights Java Agent 3.5.1 startup failed (PID 5743)
*************************

Description:
No connection string provided

Action:
Please provide connection string.

2024-08-07 16:31:41.855-03:00 ERROR c.m.applicationinsights.agent - 
*************************
Application Insights Java Agent 3.5.1 startup failed (PID 17043)
*************************

Description:
No connection string provided

Action:
Please provide connection string.

2024-08-07 16:32:51.059-03:00 ERROR c.m.applicationinsights.agent - 
*************************
Application Insights Java Agent 3.5.1 startup failed (PID 17107)
*************************

Description:
No connection string provided

Action:
Please provide connection string.

2024-08-07 16:35:19.374-03:00 ERROR c.m.applicationinsights.agent - 
*************************
Application Insights Java Agent 3.5.1 startup failed (PID 17252)
*************************

Description:
No connection string provided

Action:
Please provide connection string.

2024-08-07 16:38:21.357-03:00 ERROR c.m.applicationinsights.agent - 
*************************
Application Insights Java Agent 3.5.1 startup failed (PID 17329)
*************************

Description:
No connection string provided

Action:
Please provide connection string.

2024-08-07 16:41:23.450-03:00 ERROR c.m.applicationinsights.agent - 
*************************
Application Insights Java Agent 3.5.1 startup failed (PID 17412)
*************************

Description:
No connection string provided

Action:
Please provide connection string.

2024-08-07 16:48:48.763-03:00 ERROR c.m.applicationinsights.agent - 
*************************
Application Insights Java Agent 3.5.1 startup failed (PID 17815)
*************************

Description:
No connection string provided

Action:
Please provide connection string.

